<?xml version="1.0" encoding="UTF-8"?>
<testng-results ignored="0" total="1" passed="1" failed="0" skipped="0">
  <reporter-output>
  </reporter-output>
  <suite started-at="2023-08-19T13:14:10 IST" name="Default suite" finished-at="2023-08-19T13:14:15 IST" duration-ms="4927">
    <groups>
    </groups>
    <test started-at="2023-08-19T13:14:10 IST" name="Default test" finished-at="2023-08-19T13:14:15 IST" duration-ms="4927">
      <class name="rsaExtentReport.ExpentReportDemo.ExtentReportDemo">
        <test-method is-config="true" signature="ExtentReportLog()[pri:0, instance:rsaExtentReport.ExpentReportDemo.ExtentReportDemo@639c2c1d]" started-at="2023-08-19T13:14:10 IST" name="ExtentReportLog" finished-at="2023-08-19T13:14:10 IST" duration-ms="233" status="PASS">
          <reporter-output>
          </reporter-output>
        </test-method> <!-- ExtentReportLog -->
        <test-method signature="LoginApp()[pri:0, instance:rsaExtentReport.ExpentReportDemo.ExtentReportDemo@639c2c1d]" started-at="2023-08-19T13:14:10 IST" name="LoginApp" finished-at="2023-08-19T13:14:15 IST" duration-ms="4655" status="PASS">
          <reporter-output>
          </reporter-output>
        </test-method> <!-- LoginApp -->
      </class> <!-- rsaExtentReport.ExpentReportDemo.ExtentReportDemo -->
    </test> <!-- Default test -->
  </suite> <!-- Default suite -->
</testng-results>
