<?xml version="1.0" encoding="UTF-8"?>
<testng-results ignored="0" total="1" passed="1" failed="0" skipped="0">
  <reporter-output>
  </reporter-output>
  <suite started-at="2023-08-14T11:53:00 IST" name="MySuite" finished-at="2023-08-14T11:53:00 IST" duration-ms="54">
    <groups>
    </groups>
    <test started-at="2023-08-14T11:53:00 IST" name="Regression" finished-at="2023-08-14T11:53:00 IST" duration-ms="54">
      <class name="testNGPractice.Class5">
        <test-method signature="param(java.lang.String)[pri:0, instance:testNGPractice.Class5@9597028]" started-at="2023-08-14T11:53:00 IST" name="param" finished-at="2023-08-14T11:53:00 IST" duration-ms="9" status="PASS">
          <params>
            <param index="0">
              <value>
                <![CDATA[https://qaclickacademy.com]]>
              </value>
            </param>
          </params>
          <reporter-output>
          </reporter-output>
        </test-method> <!-- param -->
      </class> <!-- testNGPractice.Class5 -->
    </test> <!-- Regression -->
  </suite> <!-- MySuite -->
</testng-results>
