<?xml version="1.0" encoding="UTF-8"?>
<testng-results ignored="0" total="1" passed="1" failed="0" skipped="0">
  <reporter-output>
  </reporter-output>
  <suite started-at="2023-08-17T12:28:54 IST" name="Default suite" finished-at="2023-08-17T12:29:03 IST" duration-ms="9482">
    <groups>
    </groups>
    <test started-at="2023-08-17T12:28:54 IST" name="Default test" finished-at="2023-08-17T12:29:03 IST" duration-ms="9482">
      <class name="RSA.SeleniumFrameworkDesign.SubmitOrderTest">
        <test-method signature="SubmitOrder()[pri:0, instance:RSA.SeleniumFrameworkDesign.SubmitOrderTest@1a482e36]" started-at="2023-08-17T12:28:54 IST" name="SubmitOrder" finished-at="2023-08-17T12:29:03 IST" duration-ms="9441" status="PASS">
          <reporter-output>
          </reporter-output>
        </test-method> <!-- SubmitOrder -->
      </class> <!-- RSA.SeleniumFrameworkDesign.SubmitOrderTest -->
    </test> <!-- Default test -->
  </suite> <!-- Default suite -->
</testng-results>
