<?xml version="1.0" encoding="UTF-8"?>
<testng-results ignored="0" total="2" passed="2" failed="0" skipped="0">
  <reporter-output>
  </reporter-output>
  <suite started-at="2023-08-17T19:53:23 IST" name="Suite" finished-at="2023-08-17T19:53:34 IST" duration-ms="11575">
    <groups>
    </groups>
    <test started-at="2023-08-17T19:53:23 IST" name="SubmitTest" finished-at="2023-08-17T19:53:30 IST" duration-ms="7061">
      <class name="RSA.SeleniumFrameworkDesign.SubmitOrderTest">
        <test-method is-config="true" signature="LauchApplication()[pri:0, instance:RSA.SeleniumFrameworkDesign.SubmitOrderTest@f6efaab]" started-at="2023-08-17T19:53:23 IST" name="LauchApplication" finished-at="2023-08-17T19:53:25 IST" duration-ms="2597" status="PASS">
          <reporter-output>
          </reporter-output>
        </test-method> <!-- LauchApplication -->
        <test-method signature="SubmitOrder()[pri:0, instance:RSA.SeleniumFrameworkDesign.SubmitOrderTest@f6efaab]" started-at="2023-08-17T19:53:25 IST" name="SubmitOrder" finished-at="2023-08-17T19:53:30 IST" duration-ms="4335" status="PASS">
          <reporter-output>
          </reporter-output>
        </test-method> <!-- SubmitOrder -->
        <test-method is-config="true" signature="tearDown()[pri:0, instance:RSA.SeleniumFrameworkDesign.SubmitOrderTest@f6efaab]" started-at="2023-08-17T19:53:30 IST" name="tearDown" finished-at="2023-08-17T19:53:30 IST" duration-ms="97" status="PASS">
          <reporter-output>
          </reporter-output>
        </test-method> <!-- tearDown -->
      </class> <!-- RSA.SeleniumFrameworkDesign.SubmitOrderTest -->
    </test> <!-- SubmitTest -->
    <test started-at="2023-08-17T19:53:30 IST" name="ErrorTest" finished-at="2023-08-17T19:53:34 IST" duration-ms="4452">
      <class name="RSA.SeleniumFrameworkDesign.ErrorLoginTest">
        <test-method is-config="true" signature="LauchApplication()[pri:0, instance:RSA.SeleniumFrameworkDesign.ErrorLoginTest@44c03695]" started-at="2023-08-17T19:53:30 IST" name="LauchApplication" finished-at="2023-08-17T19:53:33 IST" duration-ms="3531" status="PASS">
          <reporter-output>
          </reporter-output>
        </test-method> <!-- LauchApplication -->
        <test-method signature="SubmitOrder()[pri:0, instance:RSA.SeleniumFrameworkDesign.ErrorLoginTest@44c03695]" started-at="2023-08-17T19:53:33 IST" name="SubmitOrder" finished-at="2023-08-17T19:53:34 IST" duration-ms="822" status="PASS">
          <reporter-output>
          </reporter-output>
        </test-method> <!-- SubmitOrder -->
        <test-method is-config="true" signature="tearDown()[pri:0, instance:RSA.SeleniumFrameworkDesign.ErrorLoginTest@44c03695]" started-at="2023-08-17T19:53:34 IST" name="tearDown" finished-at="2023-08-17T19:53:34 IST" duration-ms="99" status="PASS">
          <reporter-output>
          </reporter-output>
        </test-method> <!-- tearDown -->
      </class> <!-- RSA.SeleniumFrameworkDesign.ErrorLoginTest -->
    </test> <!-- ErrorTest -->
  </suite> <!-- Suite -->
</testng-results>
