<?xml version="1.0" encoding="UTF-8"?>
<!-- Generated by org.testng.reporters.JUnitXMLReporter -->
<testsuite ignored="0" hostname="DLLHLX0011" failures="2" tests="2" name="LoginRegression" time="0.072" errors="0" timestamp="2023-08-18T08:36:33 IST">
  <testcase classname="RSA.SeleniumFrameworkDesign.SubmitOrderDataprovider" name="SubmitOrder" time="0.01">
    <failure type="java.lang.NullPointerException" message="Cannot invoke &amp;quot;RSA.pageObjects.LoginPage.loginMeth(String, String)&amp;quot; because &amp;quot;this.loginpage&amp;quot; is null">
      <![CDATA[java.lang.NullPointerException: Cannot invoke "RSA.pageObjects.LoginPage.loginMeth(String, String)" because "this.loginpage" is null
at RSA.SeleniumFrameworkDesign.SubmitOrderDataprovider.SubmitOrder(SubmitOrderDataprovider.java:29)
at java.base/java.util.ArrayList.forEach(ArrayList.java:1511)
... Removed 25 stack frames]]>
    </failure>
  </testcase> <!-- SubmitOrder -->
  <testcase classname="RSA.SeleniumFrameworkDesign.SubmitOrderDataprovider" name="SubmitOrder" time="0.002">
    <failure type="java.lang.NullPointerException" message="Cannot invoke &amp;quot;RSA.pageObjects.LoginPage.loginMeth(String, String)&amp;quot; because &amp;quot;this.loginpage&amp;quot; is null">
      <![CDATA[java.lang.NullPointerException: Cannot invoke "RSA.pageObjects.LoginPage.loginMeth(String, String)" because "this.loginpage" is null
at RSA.SeleniumFrameworkDesign.SubmitOrderDataprovider.SubmitOrder(SubmitOrderDataprovider.java:29)
at java.base/java.util.ArrayList.forEach(ArrayList.java:1511)
... Removed 25 stack frames]]>
    </failure>
  </testcase> <!-- SubmitOrder -->
</testsuite> <!-- LoginRegression -->
