<?xml version="1.0" encoding="UTF-8"?>
<!-- Generated by org.testng.reporters.JUnitReportReporter -->
<testsuite hostname="DLLHLX0011" failures="0" tests="3" name="testNGPractice.Class4" time="0.010" errors="0" timestamp="2023-08-14T11:45:45 IST" skipped="0">
  <testcase classname="testNGPractice.Class4" name="getData" time="0.002"/>
  <testcase classname="testNGPractice.Class4" name="getData" time="0.001"/>
  <testcase classname="testNGPractice.Class4" name="getData" time="0.007"/>
</testsuite> <!-- testNGPractice.Class4 -->
