<?xml version="1.0" encoding="UTF-8"?>
<testng-results ignored="0" total="1" passed="1" failed="0" skipped="0">
  <reporter-output>
  </reporter-output>
  <suite started-at="2023-08-13T11:13:40 IST" name="Default suite" finished-at="2023-08-13T11:13:40 IST" duration-ms="51">
    <groups>
    </groups>
    <test started-at="2023-08-13T11:13:40 IST" name="Default test" finished-at="2023-08-13T11:13:40 IST" duration-ms="51">
      <class name="test.Class1">
        <test-method signature="smap()[pri:0, instance:test.Class1@1623b78d]" started-at="2023-08-13T11:13:40 IST" name="smap" finished-at="2023-08-13T11:13:40 IST" duration-ms="11" status="PASS">
          <reporter-output>
          </reporter-output>
        </test-method> <!-- smap -->
      </class> <!-- test.Class1 -->
    </test> <!-- Default test -->
  </suite> <!-- Default suite -->
</testng-results>
