<?xml version="1.0" encoding="UTF-8"?>
<!-- Generated by org.testng.reporters.JUnitXMLReporter -->
<testsuite ignored="0" hostname="DLLHLX0011" failures="0" tests="5" name="Regression" time="0.054" errors="0" timestamp="2023-08-13T15:07:18 IST">
  <testcase classname="testNGPractice.Class1" name="samp1" time="0.007"/>
  <testcase classname="testNGPractice.Class1" name="smap" time="0.002"/>
  <testcase classname="testNGPractice.Class2" name="samp2" time="0.002"/>
  <testcase classname="testNGPractice.Class3" name="samp3" time="0.001"/>
  <testcase classname="testNGPractice.Class3" name="samp31" time="0.001"/>
</testsuite> <!-- Regression -->
